<?xml version="1.0" encoding="UTF-8"?>
<!-- Generated by org.testng.reporters.JUnitReportReporter -->
<testsuite hostname="DESKTOP-GEF1JEF" failures="0" tests="1" name="org.xyz.automation.fb.FethDataRuntime" time="2.251" errors="0" timestamp="2023-11-25T13:39:29 EST" skipped="0">
  <testcase classname="org.xyz.automation.fb.FethDataRuntime" name="lunchBrowser" time="2.251"/>
</testsuite> <!-- org.xyz.automation.fb.FethDataRuntime -->
