<?xml version="1.0" encoding="UTF-8"?>
<!-- Generated by org.testng.reporters.JUnitReportReporter -->
<testsuite hostname="DESKTOP-GEF1JEF" failures="0" tests="1" name="org.xyz.automation.fb.MoreFields" time="6.964" errors="0" timestamp="2023-12-01T20:27:35 EST" skipped="0">
  <testcase classname="org.xyz.automation.fb.MoreFields" name="lunchBrowser" time="6.964"/>
</testsuite> <!-- org.xyz.automation.fb.MoreFields -->
