<?xml version="1.0" encoding="UTF-8"?>
<!-- Generated by org.testng.reporters.JUnitReportReporter -->
<testsuite hostname="DESKTOP-GEF1JEF" failures="0" tests="10" name="LearnTestNG.TestSenario4" time="0.016" errors="0" timestamp="2023-11-25T13:53:02 EST" skipped="0">
  <testcase classname="LearnTestNG.TestSenario4" name="ninth_testcase" time="0.000"/>
  <testcase classname="LearnTestNG.TestSenario4" name="second_testcase" time="0.000"/>
  <testcase classname="LearnTestNG.TestSenario4" name="sixth_testcase" time="0.002"/>
  <testcase classname="LearnTestNG.TestSenario4" name="first_testcase" time="0.001"/>
  <testcase classname="LearnTestNG.TestSenario4" name="fifth_testcase" time="0.001"/>
  <testcase classname="LearnTestNG.TestSenario4" name="tenth_testcase" time="0.001"/>
  <testcase classname="LearnTestNG.TestSenario4" name="third_testcase" time="0.001"/>
  <testcase classname="LearnTestNG.TestSenario4" name="eigth_testcase" time="0.009"/>
  <testcase classname="LearnTestNG.TestSenario4" name="forth_testcase" time="0.000"/>
  <testcase classname="LearnTestNG.TestSenario4" name="seventh_testcase" time="0.001"/>
</testsuite> <!-- LearnTestNG.TestSenario4 -->
