<?xml version="1.0" encoding="UTF-8"?>
<!-- Generated by org.testng.reporters.JUnitReportReporter -->
<testsuite hostname="DESKTOP-GEF1JEF" failures="0" tests="1" name="org.xyz.automation.ama.FirstAutomation" time="5.534" errors="0" timestamp="2023-12-04T22:14:03 EST" skipped="0">
  <testcase classname="org.xyz.automation.ama.FirstAutomation" name="loginFunc" time="5.534"/>
</testsuite> <!-- org.xyz.automation.ama.FirstAutomation -->
