<?xml version="1.0" encoding="UTF-8"?>
<!-- Generated by org.testng.reporters.JUnitReportReporter -->
<testsuite hostname="DESKTOP-GEF1JEF" failures="0" tests="1" name="org.xyz.automation.fb.HandleKeyboardMouse" time="7.046" errors="0" timestamp="2023-12-03T09:56:30 EST" skipped="0">
  <testcase classname="org.xyz.automation.fb.HandleKeyboardMouse" name="HandleKeyboard" time="7.046"/>
</testsuite> <!-- org.xyz.automation.fb.HandleKeyboardMouse -->
