<?xml version="1.0" encoding="UTF-8"?>
<!-- Generated by org.testng.reporters.JUnitReportReporter -->
<testsuite hostname="DESKTOP-GEF1JEF" failures="0" tests="10" name="LearnTestNG.TestSenario2" time="0.012" errors="0" timestamp="2023-11-30T21:10:18 EST" skipped="0">
  <testcase classname="LearnTestNG.TestSenario2" name="forth_testcase" time="0.001"/>
  <testcase classname="LearnTestNG.TestSenario2" name="tenth_testcase" time="0.001"/>
  <testcase classname="LearnTestNG.TestSenario2" name="fifth_testcase" time="0.000"/>
  <testcase classname="LearnTestNG.TestSenario2" name="second_testcase" time="0.001"/>
  <testcase classname="LearnTestNG.TestSenario2" name="sixth_testcase" time="0.000"/>
  <testcase classname="LearnTestNG.TestSenario2" name="first_testcase" time="0.000"/>
  <testcase classname="LearnTestNG.TestSenario2" name="ninth_testcase" time="0.001"/>
  <testcase classname="LearnTestNG.TestSenario2" name="seventh_testcase" time="0.001"/>
  <testcase classname="LearnTestNG.TestSenario2" name="third_testcase" time="0.001"/>
  <testcase classname="LearnTestNG.TestSenario2" name="eigth_testcase" time="0.006"/>
</testsuite> <!-- LearnTestNG.TestSenario2 -->
