<?xml version="1.0" encoding="UTF-8"?>
<!-- Generated by org.testng.reporters.JUnitReportReporter -->
<testsuite hostname="DESKTOP-GEF1JEF" failures="0" tests="1" name="org.xyz.automation.fb.MoreFieldsFacebook" time="7.831" errors="0" timestamp="2023-11-30T20:26:45 EST" skipped="0">
  <testcase classname="org.xyz.automation.fb.MoreFieldsFacebook" name="lunchBrowser" time="7.831"/>
</testsuite> <!-- org.xyz.automation.fb.MoreFieldsFacebook -->
