<?xml version="1.0" encoding="UTF-8"?>
<!-- Generated by org.testng.reporters.JUnitReportReporter -->
<testsuite hostname="DESKTOP-GEF1JEF" failures="0" tests="1" name="FirstPKG.TestNGDemo" time="0.002" errors="0" timestamp="2023-11-17T20:57:01 EST" skipped="0">
  <testcase classname="FirstPKG.TestNGDemo" name="math1" time="0.002"/>
</testsuite> <!-- FirstPKG.TestNGDemo -->
