<?xml version="1.0" encoding="UTF-8"?>
<!-- Generated by org.testng.reporters.JUnitReportReporter -->
<testsuite hostname="DESKTOP-GEF1JEF" failures="0" tests="1" name="org.xyz.automation.fb.FirstAutomation" time="18.044" errors="0" timestamp="2023-11-24T16:05:41 EST" skipped="0">
  <testcase classname="org.xyz.automation.fb.FirstAutomation" name="lunchBrowser" time="18.044"/>
</testsuite> <!-- org.xyz.automation.fb.FirstAutomation -->
