<?xml version="1.0" encoding="UTF-8"?>
<!-- Generated by org.testng.reporters.JUnitReportReporter -->
<testsuite hostname="DESKTOP-GEF1JEF" failures="0" tests="10" name="LearnTestNG.TestSenario1" time="0.014" errors="0" timestamp="2023-11-30T20:28:42 EST" skipped="0">
  <testcase classname="LearnTestNG.TestSenario1" name="seventh_testcase" time="0.007"/>
  <testcase classname="LearnTestNG.TestSenario1" name="sixth_testcase" time="0.001"/>
  <testcase classname="LearnTestNG.TestSenario1" name="eigth_testcase" time="0.001"/>
  <testcase classname="LearnTestNG.TestSenario1" name="fifth_testcase" time="0.001"/>
  <testcase classname="LearnTestNG.TestSenario1" name="tenth_testcase" time="0.001"/>
  <testcase classname="LearnTestNG.TestSenario1" name="ninth_testcase" time="0.001"/>
  <testcase classname="LearnTestNG.TestSenario1" name="first_testcase" time="0.001"/>
  <testcase classname="LearnTestNG.TestSenario1" name="second_testcase" time="0.001"/>
  <testcase classname="LearnTestNG.TestSenario1" name="third_testcase" time="0.000"/>
  <testcase classname="LearnTestNG.TestSenario1" name="forth_testcase" time="0.000"/>
</testsuite> <!-- LearnTestNG.TestSenario1 -->
