<?xml version="1.0" encoding="UTF-8"?>
<!-- Generated by org.testng.reporters.JUnitReportReporter -->
<testsuite hostname="DESKTOP-GEF1JEF" failures="0" tests="10" name="LearnTestNG.TestSenario10" time="0.004" errors="0" timestamp="2023-11-17T20:57:01 EST" skipped="0">
  <testcase classname="LearnTestNG.TestSenario10" name="sixth_testcase" time="0.000"/>
  <testcase classname="LearnTestNG.TestSenario10" name="first_testcase" time="0.000"/>
  <testcase classname="LearnTestNG.TestSenario10" name="ninth_testcase" time="0.000"/>
  <testcase classname="LearnTestNG.TestSenario10" name="fifth_testcase" time="0.001"/>
  <testcase classname="LearnTestNG.TestSenario10" name="eigth_testcase" time="0.001"/>
  <testcase classname="LearnTestNG.TestSenario10" name="forth_testcase" time="0.000"/>
  <testcase classname="LearnTestNG.TestSenario10" name="tenth_testcase" time="0.000"/>
  <testcase classname="LearnTestNG.TestSenario10" name="second_testcase" time="0.001"/>
  <testcase classname="LearnTestNG.TestSenario10" name="third_testcase" time="0.001"/>
  <testcase classname="LearnTestNG.TestSenario10" name="seventh_testcase" time="0.000"/>
</testsuite> <!-- LearnTestNG.TestSenario10 -->
